<?xml version="1.0" encoding="UTF-8"?>
<!-- Generated by org.testng.reporters.JUnitXMLReporter -->
<testsuite ignored="1" hostname="DESKTOP-91S9KSJ" failures="1" tests="1" name="Default test(failed)" time="0.067" errors="0" timestamp="2023-01-05T10:06:11 IST">
  <testcase classname="testNG.Assert_f" name="UI" time="0.017">
    <failure type="java.lang.AssertionError" message="null">
      <![CDATA[java.lang.AssertionError: null
at testNG.Assert_f.UI(Assert_f.java:20)
at java.base/java.util.ArrayList.forEach(ArrayList.java:1511)
... Removed 27 stack frames]]>
    </failure>
  </testcase> <!-- UI -->
  <testcase classname="testNG.Assert_f" name="KL" time="0.0">
    <ignored/>
  </testcase> <!-- KL -->
</testsuite> <!-- Default test(failed) -->
