<?xml version="1.0" encoding="UTF-8"?>
<!-- Generated by org.testng.reporters.JUnitXMLReporter -->
<testsuite ignored="0" hostname="DESKTOP-91S9KSJ" failures="0" tests="9" name="Test" time="0.105" errors="0" timestamp="2023-01-10T18:19:20 IST">
  <testcase classname="testNG.Sample_three" name="TC7" time="0.015"/>
  <testcase classname="testNG.Sample_three" name="TC8" time="0.002"/>
  <testcase classname="testNG.Sample_three" name="TC9" time="0.002"/>
  <testcase classname="testNG.Sample_two" name="TC4" time="0.001"/>
  <testcase classname="testNG.Sample_two" name="TC5" time="0.001"/>
  <testcase classname="testNG.Sample_two" name="TC6" time="0.002"/>
  <testcase classname="testNG.Sample_one" name="TC1" time="0.002"/>
  <testcase classname="testNG.Sample_one" name="TC2" time="0.002"/>
  <testcase classname="testNG.Sample_one" name="TC3" time="0.001"/>
</testsuite> <!-- Test -->
